\BOOKMARK [1][-]{section.1}{\376\377\0001\000\040\000B\000a\000s\000i\000c\000\040\000I\000n\000f\000o\000r\000m\000a\000t\000i\000o\000n\000\040\000o\000f\000\040\000T\000h\000i\000s\000\040\000T\000e\000m\000p\000l\000a\000t\000e\000\040\000C\000l\000a\000s\000s}{}% 1
\BOOKMARK [1][-]{section.3}{\376\377\0002\000\040\000C\000l\000a\000s\000s\000\040\000O\000p\000t\000i\000o\000n\000s}{}% 2
\BOOKMARK [1][-]{section.9}{\376\377\0003\000\040\000D\000o\000c\000u\000m\000e\000n\000t\000\040\000P\000r\000o\000p\000e\000r\000t\000i\000e\000s}{}% 3
\BOOKMARK [2][-]{subsection.10}{\376\377\000\050\0001\000\051\000\040\000F\000i\000e\000l\000d\000s}{section.9}% 4
\BOOKMARK [2][-]{subsection.21}{\376\377\000\050\0002\000\051\000\040\000P\000r\000o\000b\000l\000e\000m\000\040\000M\000o\000d\000e\000\040\000O\000n\000l\000y\000\040\000P\000r\000o\000p\000e\000r\000t\000i\000e\000s}{section.9}% 5
\BOOKMARK [1][-]{section.22}{\376\377\0004\000\040\000S\000e\000c\000t\000i\000o\000n\000\040\000T\000i\000t\000l\000e\000\040\000\050\000P\000r\000o\000b\000l\000e\000m\000\051\000\040\000S\000e\000t\000t\000i\000n\000g\000s}{}% 6
\BOOKMARK [2][-]{subsection.23}{\376\377\000\050\0001\000\051\000\040\000N\000o\000r\000m\000a\000l\000\040\000T\000i\000t\000l\000e}{section.22}% 7
\BOOKMARK [2][-]{subsection.24}{\376\377\000\050\0002\000\051\000\040\000U\000n\000n\000u\000m\000b\000e\000r\000e\000d\000\040\000T\000i\000t\000l\000e}{section.22}% 8
\BOOKMARK [2][-]{subsection.25}{\376\377\000\050\0003\000\051\000\040\000P\000r\000o\000b\000l\000e\000m\000\040\000w\000i\000t\000h\000\040\000P\000o\000i\000n\000t\000s}{section.22}% 9
\BOOKMARK [2][-]{subsection.27}{\376\377\000\050\0004\000\051\000\040\000L\000o\000n\000g\000\040\000T\000i\000t\000l\000e\000\040\000C\000o\000m\000p\000a\000t\000i\000b\000i\000l\000i\000t\000y}{section.22}% 10
\BOOKMARK [2][-]{subsection.29}{\376\377\000\050\0005\000\051\000\040\000S\000e\000c\000t\000i\000o\000n\000\040\000T\000i\000t\000l\000e\000\040\000N\000a\000m\000e}{section.22}% 11
\BOOKMARK [2][-]{subsection.30}{\376\377\000\050\0006\000\051\000\040\000S\000e\000c\000t\000i\000o\000n\000\040\000N\000u\000m\000b\000e\000r}{section.22}% 12
\BOOKMARK [2][-]{subsection.31}{\376\377\000\050\0007\000\051\000\040\000S\000o\000l\000u\000t\000i\000o\000n\000\040\000D\000e\000c\000l\000a\000r\000a\000t\000i\000o\000n}{section.22}% 13
\BOOKMARK [1][-]{section.32}{\376\377\0005\000\040\000S\000u\000b\000s\000e\000c\000t\000i\000o\000n\000\040\000T\000i\000t\000l\000e\000\040\000\050\000S\000u\000b\000\040\000P\000r\000o\000b\000l\000e\000m\000\051\000\040\000S\000e\000t\000t\000i\000n\000g\000s}{}% 14
\BOOKMARK [2][-]{subsection.33}{\376\377\000\050\0001\000\051\000\040\000N\000o\000r\000m\000a\000l\000\040\000T\000i\000t\000l\000e}{section.32}% 15
\BOOKMARK [2][-]{subsection.34}{\376\377\000\050\0002\000\051\000\040}{section.32}% 16
\BOOKMARK [2][-]{subsection.35}{\376\377\000\050\0003\000\051\000\040\000S\000u\000b\000s\000e\000c\000t\000i\000o\000n\000\040\000N\000u\000m\000b\000e\000r}{section.32}% 17
\BOOKMARK [2][-]{subsection.36}{\376\377\000\050\0004\000\051\000\040\000S\000u\000b\000s\000u\000b\000s\000e\000c\000t\000i\000o\000n\000\040\000\050\000S\000u\000b\000\040\000S\000u\000b\000\040\000P\000r\000o\000b\000l\000e\000m\000\051}{section.32}% 18
\BOOKMARK [1][-]{section.37}{\376\377\0006\000\040\000O\000t\000h\000e\000r\000\040\000T\000o\000o\000l\000s}{}% 19
\BOOKMARK [2][-]{subsection.38}{\376\377\000\050\0001\000\051\000\040\000E\000q\000u\000a\000t\000i\000o\000n\000\040\000N\000u\000m\000b\000e\000r\000i\000n\000g}{section.37}% 20
\BOOKMARK [2][-]{subsection.40}{\376\377\000\050\0002\000\051\000\040\000M\000a\000t\000h\000s\000\040\000P\000a\000c\000k\000a\000g\000e\000s}{section.37}% 21
\BOOKMARK [2][-]{subsection.41}{\376\377\000\050\0003\000\051\000\040\000T\000h\000e\000o\000r\000e\000m\000\040\000E\000n\000v\000i\000r\000o\000n\000m\000e\000n\000t}{section.37}% 22
\BOOKMARK [2][-]{subsection.43}{\376\377\000\050\0004\000\051\000\040\000A\000d\000d\000i\000t\000i\000o\000n\000a\000l\000\040\000M\000a\000t\000h\000\040\000O\000p\000e\000r\000a\000t\000o\000r}{section.37}% 23
\BOOKMARK [2][-]{subsection.51}{\376\377\000\050\0005\000\051\000\040\000S\000h\000o\000r\000t\000c\000u\000t\000s}{section.37}% 24
\BOOKMARK [3][-]{subsubsection.52}{\376\377\0001\000.\000\040\000H\000i\000n\000t}{subsection.51}% 25
\BOOKMARK [2][-]{subsection.53}{\376\377\000\050\0006\000\051\000\040\000C\000o\000d\000e\000\040\000B\000l\000o\000c\000k}{section.37}% 26
\BOOKMARK [2][-]{subsection.54}{\376\377\000\050\0007\000\051\000\040\000F\000a\000n\000c\000y\000\040\000B\000o\000x}{section.37}% 27
\BOOKMARK [1][-]{appendix.63}{\376\377\000A\000\040\000K\000n\000o\000w\000n\000\040\000I\000s\000s\000u\000e\000s}{}% 28
\BOOKMARK [1][-]{appendix.64}{\376\377\000B\000\040\000C\000h\000a\000n\000g\000e\000\040\000L\000o\000g}{}% 29
\BOOKMARK [1][-]{appendix.74}{\376\377\000C\000\040\000S\000o\000u\000r\000c\000e\000\040\000C\000o\000d\000e}{}% 30
